-------------------------------------------------------------------------------
Test set: edu.unimagdalena.universitystore.service.CustomerServiceImplTest
-------------------------------------------------------------------------------
Tests run: 6, Failures: 0, Errors: 1, Skipped: 0, Time elapsed: 0.071 s <<< FAILURE! -- in edu.unimagdalena.universitystore.service.CustomerServiceImplTest
edu.unimagdalena.universitystore.service.CustomerServiceImplTest.shouldUpdateCustomer -- Time elapsed: 0.026 s <<< ERROR!
org.mockito.exceptions.misusing.UnnecessaryStubbingException: 

Unnecessary stubbings detected.
Clean & maintainable test code requires zero unnecessary code.
Following stubbings are unnecessary (click to navigate to relevant line of code):
  1. -> at edu.unimagdalena.universitystore.service.CustomerServiceImplTest.shouldUpdateCustomer(CustomerServiceTest.java:120)
Please remove unnecessary stubbings or use 'lenient' strictness. More info: javadoc for UnnecessaryStubbingException class.
	at org.mockito.junit.jupiter.MockitoExtension.lambda$afterEach$2(MockitoExtension.java:200)
	at java.base/java.util.Optional.ifPresent(Optional.java:178)
	at org.mockito.junit.jupiter.MockitoExtension.afterEach(MockitoExtension.java:198)
	at java.base/java.util.ArrayList.forEach(ArrayList.java:1596)
	at java.base/java.util.ArrayList.forEach(ArrayList.java:1596)

