<?xml version="1.0" encoding="UTF-8"?>
<testsuite xmlns:xsi="http://www.w3.org/2001/XMLSchema-instance" xsi:noNamespaceSchemaLocation="https://maven.apache.org/surefire/maven-surefire-plugin/xsd/surefire-test-report.xsd" version="3.0.2" name="edu.unimagdalena.universitystore.repository.AddressRepositoryTest" time="16.878" tests="1" errors="0" skipped="0" failures="0" flakes="0">
  <properties>
[...]
</properties>
  <testcase name="shouldFindAddressesByCustomerId" classname="edu.unimagdalena.universitystore.repository.AddressRepositoryTest" time="0.298">
    <system-out><![CDATA[2026-04-20T14:50:32.981-05:00  INFO 296 --- [university-store] [           main] t.c.s.AnnotationConfigContextLoaderUtils : Could not detect default configuration classes for test class [edu.unimagdalena.universitystore.repository.AddressRepositoryTest]: AddressRepositoryTest does not declare any static, non-private, non-final, nested classes annotated with @Configuration.
2026-04-20T14:50:33.339-05:00  INFO 296 --- [university-store] [           main] .b.t.c.SpringBootTestContextBootstrapper : Found @SpringBootConfiguration edu.unimagdalena.universitystore.UniversityStoreApplication for test class edu.unimagdalena.universitystore.repository.AddressRepositoryTest
2026-04-20T14:50:33.340-05:00  INFO 296 --- [university-store] [           main] t.c.s.AnnotationConfigContextLoaderUtils : Could not detect default configuration classes for test class [edu.unimagdalena.universitystore.repository.AddressRepositoryTest]: AddressRepositoryTest does not declare any static, non-private, non-final, nested classes annotated with @Configuration.
2026-04-20T14:50:33.378-05:00  INFO 296 --- [university-store] [           main] .b.t.c.SpringBootTestContextBootstrapper : Found @SpringBootConfiguration edu.unimagdalena.universitystore.UniversityStoreApplication for test class edu.unimagdalena.universitystore.repository.AddressRepositoryTest

  .   ____          _            __ _ _
 /\\ / ___'_ __ _ _(_)_ __  __ _ \ \ \ \
( ( )\___ | '_ | '_| | '_ \/ _` | \ \ \ \
 \\/  ___)| |_)| | | | | || (_| |  ) ) ) )
  '  |____| .__|_| |_|_| |_\__, | / / / /
 =========|_|==============|___/=/_/_/_/

 :: Spring Boot ::                (v4.0.5)

2026-04-20T14:50:33.527-05:00  INFO 296 --- [university-store] [           main] e.u.u.repository.AddressRepositoryTest   : Starting AddressRepositoryTest using Java 21.0.10 with PID 296 (started by Victor in C:\ecomerce)
2026-04-20T14:50:33.527-05:00  INFO 296 --- [university-store] [           main] e.u.u.repository.AddressRepositoryTest   : The following 1 profile is active: "test"
2026-04-20T14:50:34.126-05:00  INFO 296 --- [university-store] [           main] .s.d.r.c.RepositoryConfigurationDelegate : Bootstrapping Spring Data JPA repositories in DEFAULT mode.
2026-04-20T14:50:34.276-05:00  INFO 296 --- [university-store] [           main] .s.d.r.c.RepositoryConfigurationDelegate : Finished Spring Data repository scanning in 128 ms. Found 8 JPA repository interfaces.
2026-04-20T14:50:34.523-05:00  INFO 296 --- [university-store] [           main] org.testcontainers.images.PullPolicy     : Image pull policy will be performed by: DefaultPullPolicy()
2026-04-20T14:50:34.527-05:00  INFO 296 --- [university-store] [           main] o.t.utility.ImageNameSubstitutor         : Image name substitution will be performed by: DefaultImageNameSubstitutor (composite of 'ConfigurationFileImageNameSubstitutor' and 'PrefixingImageNameSubstitutor')
2026-04-20T14:50:34.587-05:00  INFO 296 --- [university-store] [           main] org.testcontainers.DockerClientFactory   : Testcontainers version: 2.0.4
2026-04-20T14:50:35.094-05:00  INFO 296 --- [university-store] [           main] o.t.d.DockerClientProviderStrategy       : Loaded org.testcontainers.dockerclient.NpipeSocketClientProviderStrategy from ~/.testcontainers.properties, will try it first
2026-04-20T14:50:35.976-05:00  INFO 296 --- [university-store] [           main] o.t.d.DockerClientProviderStrategy       : Found Docker environment with local Npipe socket (npipe:////./pipe/docker_engine)
2026-04-20T14:50:35.978-05:00  INFO 296 --- [university-store] [           main] org.testcontainers.DockerClientFactory   : Docker host IP address is localhost
2026-04-20T14:50:36.005-05:00  INFO 296 --- [university-store] [           main] org.testcontainers.DockerClientFactory   : Connected to docker: 
  Server Version: 29.3.1
  API Version: 1.54
  Operating System: Docker Desktop
  Total Memory: 3827 MB
  Labels: 
    com.docker.desktop.address=npipe://\\.\pipe\docker_cli
2026-04-20T14:50:36.215-05:00  INFO 296 --- [university-store] [           main] tc.testcontainers/ryuk:0.14.0            : Creating container for image: testcontainers/ryuk:0.14.0
2026-04-20T14:50:36.769-05:00  INFO 296 --- [university-store] [           main] tc.testcontainers/ryuk:0.14.0            : Container testcontainers/ryuk:0.14.0 is starting: 3c542129bfaf9e5dffd8ceab78acb9a3160cb957002a389a5f7c6a034f04fd78
2026-04-20T14:50:37.593-05:00  INFO 296 --- [university-store] [           main] tc.testcontainers/ryuk:0.14.0            : Container testcontainers/ryuk:0.14.0 started in PT1.3773712S
2026-04-20T14:50:37.609-05:00  INFO 296 --- [university-store] [           main] o.t.utility.RyukResourceReaper           : Ryuk started - will monitor and terminate Testcontainers containers on JVM exit
2026-04-20T14:50:37.609-05:00  INFO 296 --- [university-store] [           main] org.testcontainers.DockerClientFactory   : Checking the system...
2026-04-20T14:50:37.610-05:00  INFO 296 --- [university-store] [           main] org.testcontainers.DockerClientFactory   : ✔︎ Docker server version should be at least 1.6.0
2026-04-20T14:50:37.611-05:00  INFO 296 --- [university-store] [           main] tc.postgres:16                           : Creating container for image: postgres:16
2026-04-20T14:50:37.815-05:00  INFO 296 --- [university-store] [           main] tc.postgres:16                           : Container postgres:16 is starting: 9db513d4025045844bec92a1f92eba19b113f8acdd1d4b6bcda2673c715a78cb
2026-04-20T14:50:40.098-05:00  INFO 296 --- [university-store] [           main] tc.postgres:16                           : Container postgres:16 started in PT2.4865485S
2026-04-20T14:50:40.099-05:00  INFO 296 --- [university-store] [           main] tc.postgres:16                           : Container is started (JDBC URL: jdbc:postgresql://localhost:51710/university_store?loggerLevel=OFF)
2026-04-20T14:50:40.383-05:00  INFO 296 --- [university-store] [           main] org.hibernate.orm.jpa                    : HHH008540: Processing PersistenceUnitInfo [name: default]
2026-04-20T14:50:40.502-05:00  INFO 296 --- [university-store] [           main] org.hibernate.orm.core                   : HHH000001: Hibernate ORM core version 7.2.7.Final
2026-04-20T14:50:41.117-05:00  INFO 296 --- [university-store] [           main] o.s.o.j.p.SpringPersistenceUnitInfo      : No LoadTimeWeaver setup: ignoring JPA class transformer
2026-04-20T14:50:41.174-05:00  INFO 296 --- [university-store] [           main] com.zaxxer.hikari.HikariDataSource       : HikariPool-1 - Starting...
2026-04-20T14:50:41.451-05:00  INFO 296 --- [university-store] [           main] com.zaxxer.hikari.pool.HikariPool        : HikariPool-1 - Added connection org.postgresql.jdbc.PgConnection@28a4ac78
2026-04-20T14:50:41.453-05:00  INFO 296 --- [university-store] [           main] com.zaxxer.hikari.HikariDataSource       : HikariPool-1 - Start completed.
2026-04-20T14:50:41.666-05:00  INFO 296 --- [university-store] [           main] org.hibernate.orm.connections.pooling    : HHH10001005: Database info:
	Database JDBC URL [jdbc:postgresql://localhost:51710/university_store?loggerLevel=OFF]
	Database driver: PostgreSQL JDBC Driver
	Database dialect: PostgreSQLDialect
	Database version: 16.13
	Default catalog/schema: university_store/public
	Autocommit mode: undefined/unknown
	Isolation level: READ_COMMITTED [default READ_COMMITTED]
	JDBC fetch size: none
	Pool: DataSourceConnectionProvider
	Minimum pool size: undefined/unknown
	Maximum pool size: undefined/unknown
2026-04-20T14:50:45.166-05:00  INFO 296 --- [university-store] [           main] org.hibernate.orm.core                   : HHH000489: No JTA platform available (set 'hibernate.transaction.jta.platform' to enable JTA platform integration)
Hibernate: 
    create table addresses (
        id bigint generated by default as identity,
        city varchar(255) not null,
        country varchar(255) not null,
        street varchar(255) not null,
        customer_id bigint not null,
        primary key (id)
    )
Hibernate: 
    create table categories (
        id bigint generated by default as identity,
        name varchar(255) not null,
        primary key (id)
    )
Hibernate: 
    create table customers (
        id bigint generated by default as identity,
        email varchar(255) not null,
        name varchar(255) not null,
        status varchar(255) not null check ((status in ('ACTIVE','INACTIVE'))),
        primary key (id)
    )
Hibernate: 
    create table inventories (
        id bigint generated by default as identity,
        available_stock integer not null,
        minimum_stock integer not null,
        product_id bigint not null,
        primary key (id)
    )
Hibernate: 
    create table order_items (
        id bigint generated by default as identity,
        quantity integer not null,
        subtotal numeric(38,2) not null,
        unit_price numeric(38,2) not null,
        order_id bigint not null,
        product_id bigint not null,
        primary key (id)
    )
Hibernate: 
    create table order_status_history (
        id bigint generated by default as identity,
        changed_at timestamp(6) not null,
        status varchar(255) not null check ((status in ('CREATED','PAID','SHIPPED','DELIVERED','CANCELLED'))),
        order_id bigint not null,
        primary key (id)
    )
Hibernate: 
    create table orders (
        id bigint generated by default as identity,
        created_at timestamp(6) not null,
        status varchar(255) not null check ((status in ('CREATED','PAID','SHIPPED','DELIVERED','CANCELLED'))),
        total numeric(38,2) not null,
        address_id bigint not null,
        customer_id bigint not null,
        primary key (id)
    )
Hibernate: 
    create table products (
        id bigint generated by default as identity,
        active boolean not null,
        name varchar(255) not null,
        price numeric(38,2) not null,
        sku varchar(255) not null,
        category_id bigint not null,
        primary key (id)
    )
Hibernate: 
    alter table if exists categories 
       drop constraint if exists UKt8o6pivur7nn124jehx7cygw5
2026-04-20T14:50:45.319-05:00  WARN 296 --- [university-store] [           main] org.hibernate.orm.jdbc.warn              : HHH000247: ErrorCode: 0, SQLState: 00000
2026-04-20T14:50:45.320-05:00  WARN 296 --- [university-store] [           main] org.hibernate.orm.jdbc.warn              : constraint "ukt8o6pivur7nn124jehx7cygw5" of relation "categories" does not exist, skipping
Hibernate: 
    alter table if exists categories 
       add constraint UKt8o6pivur7nn124jehx7cygw5 unique (name)
Hibernate: 
    alter table if exists customers 
       drop constraint if exists UKrfbvkrffamfql7cjmen8v976v
2026-04-20T14:50:45.323-05:00  WARN 296 --- [university-store] [           main] org.hibernate.orm.jdbc.warn              : HHH000247: ErrorCode: 0, SQLState: 00000
2026-04-20T14:50:45.323-05:00  WARN 296 --- [university-store] [           main] org.hibernate.orm.jdbc.warn              : constraint "ukrfbvkrffamfql7cjmen8v976v" of relation "customers" does not exist, skipping
Hibernate: 
    alter table if exists customers 
       add constraint UKrfbvkrffamfql7cjmen8v976v unique (email)
Hibernate: 
    alter table if exists inventories 
       drop constraint if exists UK3bms153u88bt0daekfy4qpj6k
2026-04-20T14:50:45.328-05:00  WARN 296 --- [university-store] [           main] org.hibernate.orm.jdbc.warn              : HHH000247: ErrorCode: 0, SQLState: 00000
2026-04-20T14:50:45.328-05:00  WARN 296 --- [university-store] [           main] org.hibernate.orm.jdbc.warn              : constraint "uk3bms153u88bt0daekfy4qpj6k" of relation "inventories" does not exist, skipping
Hibernate: 
    alter table if exists inventories 
       add constraint UK3bms153u88bt0daekfy4qpj6k unique (product_id)
Hibernate: 
    alter table if exists products 
       drop constraint if exists UKfhmd06dsmj6k0n90swsh8ie9g
2026-04-20T14:50:45.333-05:00  WARN 296 --- [university-store] [           main] org.hibernate.orm.jdbc.warn              : HHH000247: ErrorCode: 0, SQLState: 00000
2026-04-20T14:50:45.333-05:00  WARN 296 --- [university-store] [           main] org.hibernate.orm.jdbc.warn              : constraint "ukfhmd06dsmj6k0n90swsh8ie9g" of relation "products" does not exist, skipping
Hibernate: 
    alter table if exists products 
       add constraint UKfhmd06dsmj6k0n90swsh8ie9g unique (sku)
Hibernate: 
    alter table if exists addresses 
       add constraint FKhrpf5e8dwasvdc5cticysrt2k 
       foreign key (customer_id) 
       references customers
Hibernate: 
    alter table if exists inventories 
       add constraint FK8drmqyx629j3oo8ct9jnc5y3y 
       foreign key (product_id) 
       references products
Hibernate: 
    alter table if exists order_items 
       add constraint FKbioxgbv59vetrxe0ejfubep1w 
       foreign key (order_id) 
       references orders
Hibernate: 
    alter table if exists order_items 
       add constraint FKocimc7dtr037rh4ls4l95nlfi 
       foreign key (product_id) 
       references products
Hibernate: 
    alter table if exists order_status_history 
       add constraint FKnmcbg3mmbt8wfva97ra40nmp3 
       foreign key (order_id) 
       references orders
Hibernate: 
    alter table if exists orders 
       add constraint FKhlglkvf5i60dv6dn397ethgpt 
       foreign key (address_id) 
       references addresses
Hibernate: 
    alter table if exists orders 
       add constraint FKpxtb8awmi0dk6smoh2vp1litg 
       foreign key (customer_id) 
       references customers
Hibernate: 
    alter table if exists products 
       add constraint FKog2rp4qthbtt2lfyhfo32lsw9 
       foreign key (category_id) 
       references categories
2026-04-20T14:50:45.356-05:00  INFO 296 --- [university-store] [           main] j.LocalContainerEntityManagerFactoryBean : Initialized JPA EntityManagerFactory for persistence unit 'default'
2026-04-20T14:50:45.784-05:00  INFO 296 --- [university-store] [           main] o.s.d.j.r.query.QueryEnhancerFactories   : Hibernate is in classpath; If applicable, HQL parser will be used.
2026-04-20T14:50:49.459-05:00  INFO 296 --- [university-store] [           main] e.u.u.repository.AddressRepositoryTest   : Started AddressRepositoryTest in 16.07 seconds (process running for 30.205)
Hibernate: 
    insert 
    into
        customers
        (email, name, status) 
    values
        (?, ?, ?)
Hibernate: 
    insert 
    into
        addresses
        (city, country, customer_id, street) 
    values
        (?, ?, ?, ?)
Hibernate: 
    select
        a1_0.id,
        a1_0.city,
        a1_0.country,
        a1_0.customer_id,
        a1_0.street 
    from
        addresses a1_0 
    where
        a1_0.customer_id=?
]]></system-out>
  </testcase>
</testsuite>