<?xml version="1.0" encoding="UTF-8"?>
<testsuite xmlns:xsi="http://www.w3.org/2001/XMLSchema-instance" xsi:noNamespaceSchemaLocation="https://maven.apache.org/surefire/maven-surefire-plugin/xsd/surefire-test-report.xsd" version="3.0.2" name="edu.unimagdalena.universitystore.repository.AddressRepositoryTest" time="11.791" tests="1" errors="0" skipped="0" failures="0" flakes="0">
  <properties>
[...]
</properties>
  <testcase name="shouldFindAddressesByCustomerId" classname="edu.unimagdalena.universitystore.repository.AddressRepositoryTest" time="0.377">
    <system-out><![CDATA[2026-06-08T22:39:27.895-05:00  INFO 7100 --- [           main] t.c.s.AnnotationConfigContextLoaderUtils : Could not detect default configuration classes for test class [edu.unimagdalena.universitystore.repository.AddressRepositoryTest]: AddressRepositoryTest does not declare any static, non-private, non-final, nested classes annotated with @Configuration.
2026-06-08T22:39:27.983-05:00  INFO 7100 --- [           main] .b.t.c.SpringBootTestContextBootstrapper : Found @SpringBootConfiguration edu.unimagdalena.universitystore.UniversityStoreApplication for test class edu.unimagdalena.universitystore.repository.AddressRepositoryTest
2026-06-08T22:39:27.986-05:00  INFO 7100 --- [           main] t.c.s.AnnotationConfigContextLoaderUtils : Could not detect default configuration classes for test class [edu.unimagdalena.universitystore.repository.AddressRepositoryTest]: AddressRepositoryTest does not declare any static, non-private, non-final, nested classes annotated with @Configuration.
2026-06-08T22:39:28.048-05:00  INFO 7100 --- [           main] .b.t.c.SpringBootTestContextBootstrapper : Found @SpringBootConfiguration edu.unimagdalena.universitystore.UniversityStoreApplication for test class edu.unimagdalena.universitystore.repository.AddressRepositoryTest

  .   ____          _            __ _ _
 /\\ / ___'_ __ _ _(_)_ __  __ _ \ \ \ \
( ( )\___ | '_ | '_| | '_ \/ _` | \ \ \ \
 \\/  ___)| |_)| | | | | || (_| |  ) ) ) )
  '  |____| .__|_| |_|_| |_\__, | / / / /
 =========|_|==============|___/=/_/_/_/

 :: Spring Boot ::                (v4.0.5)

2026-06-08T22:39:28.137-05:00  INFO 7100 --- [           main] e.u.u.repository.AddressRepositoryTest   : Starting AddressRepositoryTest using Java 21.0.10 with PID 7100 (started by Victor in C:\Users\recup\OneDrive\Documentos\ecomerce)
2026-06-08T22:39:28.147-05:00  INFO 7100 --- [           main] e.u.u.repository.AddressRepositoryTest   : The following 1 profile is active: "test"
2026-06-08T22:39:28.914-05:00  INFO 7100 --- [           main] .s.d.r.c.RepositoryConfigurationDelegate : Bootstrapping Spring Data JPA repositories in DEFAULT mode.
2026-06-08T22:39:29.148-05:00  INFO 7100 --- [           main] .s.d.r.c.RepositoryConfigurationDelegate : Finished Spring Data repository scanning in 205 ms. Found 9 JPA repository interfaces.
2026-06-08T22:39:29.350-05:00  INFO 7100 --- [           main] org.testcontainers.images.PullPolicy     : Image pull policy will be performed by: DefaultPullPolicy()
2026-06-08T22:39:29.358-05:00  INFO 7100 --- [           main] o.t.utility.ImageNameSubstitutor         : Image name substitution will be performed by: DefaultImageNameSubstitutor (composite of 'ConfigurationFileImageNameSubstitutor' and 'PrefixingImageNameSubstitutor')
2026-06-08T22:39:29.987-05:00  INFO 7100 --- [           main] org.hibernate.orm.jpa                    : HHH008540: Processing PersistenceUnitInfo [name: default]
2026-06-08T22:39:30.200-05:00  INFO 7100 --- [           main] org.hibernate.orm.core                   : HHH000001: Hibernate ORM core version 7.2.7.Final
2026-06-08T22:39:31.215-05:00  INFO 7100 --- [           main] o.s.o.j.p.SpringPersistenceUnitInfo      : No LoadTimeWeaver setup: ignoring JPA class transformer
2026-06-08T22:39:31.311-05:00  INFO 7100 --- [           main] com.zaxxer.hikari.HikariDataSource       : HikariPool-1 - Starting...
2026-06-08T22:39:31.891-05:00  INFO 7100 --- [           main] com.zaxxer.hikari.pool.HikariPool        : HikariPool-1 - Added connection conn0: url=jdbc:h2:mem:cbf2431c-810f-4a6a-864b-a4e7517ca0d6 user=SA
2026-06-08T22:39:31.897-05:00  INFO 7100 --- [           main] com.zaxxer.hikari.HikariDataSource       : HikariPool-1 - Start completed.
2026-06-08T22:39:32.253-05:00  INFO 7100 --- [           main] org.hibernate.orm.connections.pooling    : HHH10001005: Database info:
	Database JDBC URL [jdbc:h2:mem:cbf2431c-810f-4a6a-864b-a4e7517ca0d6]
	Database driver: H2 JDBC Driver
	Database dialect: H2Dialect
	Database version: 2.4.240
	Default catalog/schema: CBF2431C-810F-4A6A-864B-A4E7517CA0D6/PUBLIC
	Autocommit mode: undefined/unknown
	Isolation level: READ_COMMITTED [default READ_COMMITTED]
	JDBC fetch size: 100
	Pool: DataSourceConnectionProvider
	Minimum pool size: undefined/unknown
	Maximum pool size: undefined/unknown
2026-06-08T22:39:35.353-05:00  INFO 7100 --- [           main] org.hibernate.orm.core                   : HHH000489: No JTA platform available (set 'hibernate.transaction.jta.platform' to enable JTA platform integration)
Hibernate: drop table if exists addresses cascade 
Hibernate: drop table if exists categories cascade 
Hibernate: drop table if exists customers cascade 
Hibernate: drop table if exists inventories cascade 
Hibernate: drop table if exists order_items cascade 
Hibernate: drop table if exists order_status_history cascade 
Hibernate: drop table if exists orders cascade 
Hibernate: drop table if exists product_price_history cascade 
Hibernate: drop table if exists products cascade 
Hibernate: create table addresses (created_at timestamp(6) not null, customer_id bigint not null, deleted_at timestamp(6), id bigint generated by default as identity, updated_at timestamp(6) not null, version bigint, city varchar(100) not null, country varchar(100) not null, street varchar(150) not null, primary key (id))
Hibernate: create table categories (created_at timestamp(6) not null, deleted_at timestamp(6), id bigint generated by default as identity, updated_at timestamp(6) not null, version bigint, name varchar(100) not null unique, primary key (id))
Hibernate: create table customers (created_at timestamp(6) not null, deleted_at timestamp(6), id bigint generated by default as identity, updated_at timestamp(6) not null, version bigint, email varchar(100) not null unique, name varchar(100) not null, status enum ('ACTIVE','INACTIVE') not null, primary key (id))
Hibernate: create table inventories (available_stock integer not null check ((available_stock>=0)), minimum_stock integer not null check ((minimum_stock>=0)), created_at timestamp(6) not null, deleted_at timestamp(6), id bigint generated by default as identity, product_id bigint not null unique, updated_at timestamp(6) not null, version bigint, primary key (id))
Hibernate: create table order_items (quantity integer not null check ((quantity>=1)), subtotal numeric(38,2) not null, unit_price numeric(38,2) not null, created_at timestamp(6) not null, deleted_at timestamp(6), id bigint generated by default as identity, order_id bigint not null, product_id bigint not null, updated_at timestamp(6) not null, version bigint, primary key (id))
Hibernate: create table order_status_history (changed_at timestamp(6) not null, created_at timestamp(6) not null, deleted_at timestamp(6), id bigint generated by default as identity, order_id bigint not null, updated_at timestamp(6) not null, version bigint, reason varchar(255), status enum ('CANCELLED','CREATED','DELIVERED','PAID','RETURNED','SHIPPED') not null, primary key (id))
Hibernate: create table orders (total numeric(38,2) not null, address_id bigint not null, created_at timestamp(6) not null, customer_id bigint not null, deleted_at timestamp(6), id bigint generated by default as identity, updated_at timestamp(6) not null, version bigint, status enum ('CANCELLED','CREATED','DELIVERED','PAID','RETURNED','SHIPPED') not null, primary key (id))
Hibernate: create table product_price_history (new_price numeric(38,2) not null, old_price numeric(38,2) not null, changed_at timestamp(6) not null, created_at timestamp(6) not null, deleted_at timestamp(6), id bigint generated by default as identity, product_id bigint not null, updated_at timestamp(6) not null, version bigint, primary key (id))
Hibernate: create table products (active boolean not null, price numeric(38,2) not null, category_id bigint not null, created_at timestamp(6) not null, deleted_at timestamp(6), id bigint generated by default as identity, updated_at timestamp(6) not null, version bigint, sku varchar(50) not null unique, name varchar(150) not null, primary key (id))
Hibernate: alter table if exists addresses add constraint FKhrpf5e8dwasvdc5cticysrt2k foreign key (customer_id) references customers
Hibernate: alter table if exists inventories add constraint FK8drmqyx629j3oo8ct9jnc5y3y foreign key (product_id) references products
Hibernate: alter table if exists order_items add constraint FKbioxgbv59vetrxe0ejfubep1w foreign key (order_id) references orders
Hibernate: alter table if exists order_items add constraint FKocimc7dtr037rh4ls4l95nlfi foreign key (product_id) references products
Hibernate: alter table if exists order_status_history add constraint FKnmcbg3mmbt8wfva97ra40nmp3 foreign key (order_id) references orders
Hibernate: alter table if exists orders add constraint FKhlglkvf5i60dv6dn397ethgpt foreign key (address_id) references addresses
Hibernate: alter table if exists orders add constraint FKpxtb8awmi0dk6smoh2vp1litg foreign key (customer_id) references customers
Hibernate: alter table if exists product_price_history add constraint FKcc0pjma67c06t2cvsoyesswht foreign key (product_id) references products
Hibernate: alter table if exists products add constraint FKog2rp4qthbtt2lfyhfo32lsw9 foreign key (category_id) references categories
2026-06-08T22:39:35.557-05:00  INFO 7100 --- [           main] j.LocalContainerEntityManagerFactoryBean : Initialized JPA EntityManagerFactory for persistence unit 'default'
2026-06-08T22:39:35.917-05:00  INFO 7100 --- [           main] o.s.d.j.r.query.QueryEnhancerFactories   : Hibernate is in classpath; If applicable, HQL parser will be used.
2026-06-08T22:39:39.249-05:00  INFO 7100 --- [           main] e.u.u.repository.AddressRepositoryTest   : Started AddressRepositoryTest in 11.193 seconds (process running for 48.155)
Hibernate: insert into customers (created_at,deleted_at,email,name,status,updated_at,version,id) values (?,?,?,?,?,?,?,default)
Hibernate: insert into addresses (city,country,created_at,customer_id,deleted_at,street,updated_at,version,id) values (?,?,?,?,?,?,?,?,default)
Hibernate: select a1_0.id,a1_0.city,a1_0.country,a1_0.created_at,a1_0.customer_id,c1_0.id,c1_0.created_at,c1_0.deleted_at,c1_0.email,c1_0.name,c1_0.status,c1_0.updated_at,c1_0.version,a1_0.deleted_at,a1_0.street,a1_0.updated_at,a1_0.version from addresses a1_0 join customers c1_0 on c1_0.id=a1_0.customer_id where a1_0.deleted_at is null and a1_0.customer_id=?
]]></system-out>
  </testcase>
</testsuite>